
ROM used:   1222/8192 (15%)
            1222/8192 (15%) including unused fragments

            1.2 Average locations per line
            14.9 Average locations per statement

RAM used:   15/368 (4%) at main() level
            40/368 (11%) worst case

Stack used: 4 worst case (4 in main + 0 for interrupts)
Stack size: 8

Lines Stmts  %   Files
----- ----- ---  -----
   33    14  17  Cruise.c
  756     0   0  C:\Program Files (x86)\PICC\Devices\16F886.h
  233    68  83  flex_lcd.c
----- -----
 1022    82 Total

Page ROM  %  RAM    Vol Diff  Functions:
---- --- --- ---    --- ----  ----------
0     20   2    1             @delay_ms1
0      8   1    0    395  4.1  @const599
0     44   4    1    328  2.7  lcd_send_nibble
0     37   3    1    362  2.3  lcd_read_nibble
 Inline         3    165  3.3  lcd_read_byte
0     61   5    3    319  4.1  lcd_send_byte
0     48   4    2    384  4.4  lcd_init
 Inline         4    186  5.5  lcd_gotoxy
0     52   4    1    275  3.9  lcd_putc
0    162  13    5    401  3.7  MAIN
0      6   0    0             @const632
0     88   7    4             @PSTRINGC7_621
0     39   3    5             @DIV1616
0     31   3    2             @ITOF
0      6   0    0             @const642
0     87   7    5             @PSTRINGCN7_621
0    101   8    9             @PRINTF_LU_621
0      8   1    0             @const647
 Inline        13             @MULFF
 Inline         5             @FTOSD
0     79   6   13             @DIV3232
0    341  28   13             @PRINTF_L32D_621FPFPF
 Inline         0             @cinit1

Program metrics:
    Functions               9
    Statements              82
    Comments                170
    Volume (V)              4524
    Difficulty (D)          32.0
    Effort to implement (E) 144748
    Time to implement (T)   2 hours, 14 minutes
    Est Delivered Bugs (B)  1
    Cyclomatic Complexity   8
    Maintainability (MI)    124

 Segment     Used  Free
-----------  ----  ----
00000-00003     4  0  
00004-007FF  1218  826  
00800-00FFF     0  2048  
01000-017FF     0  2048  
01800-01FFF     0  2048  



