
ROM used:   1266/8192 (15%)
            1266/8192 (15%) including unused fragments

            1.6 Average locations per line
            15.4 Average locations per statement

RAM used:   34/368 (9%) at main() level
            47/368 (13%) worst case

Stack used: 2 worst case (2 in main + 0 for interrupts)
Stack size: 8

Lines Stmts  %   Files
----- ----- ---  -----
  106    82 100  s to oh.c
  674     0   0  C:\Program Files (x86)\PICC\Devices\16F877a.h
----- -----
  780    82 Total

Page ROM  %  RAM    Vol Diff  Functions:
---- --- --- ---    --- ----  ----------
0     20   2    1             @delay_ms1
0    164  13    1    478  4.1  main
0      3   0    0             @const613
0     88   7    4             @PSTRINGC7_9600_62_63
0     63   5   10             @FLT
0      5   0    0             @const622
0     57   5    0    200  2.6  overhead
0      6   0    0    200  2.6  @const623
0      8   1    0             @const624
0    207  16    0    357  2.8  conversion
0     29   2    2    357  2.8  @ITOF
0    202  16   14             @DIVFF
0    117   9   13             @MULFF
0    293  23    0    940  3.4  light
 Inline         0    940  3.4  @cinit1

Program metrics:
    Functions               7
    Statements              82
    Comments                121
    Volume (V)              5094
    Difficulty (D)          21.5
    Effort to implement (E) 109450
    Time to implement (T)   1 hours, 41 minutes
    Est Delivered Bugs (B)  1
    Cyclomatic Complexity   17
    Maintainability (MI)    104

 Segment     Used  Free
-----------  ----  ----
00000-00003     4  0  
00004-007FF  1262  782  
00800-00FFF     0  2048  
01000-017FF     0  2048  
01800-01FFF     0  2048  



