
ROM used:   1619/8192 (20%)
            1619/8192 (20%) including unused fragments

            1.5 Average locations per line
            24.2 Average locations per statement

RAM used:   40/368 (11%) at main() level
            105/368 (29%) worst case

Stack used: 8 worst case (3 in main + 5 for interrupts)
Stack size: 8

Lines Stmts  %   Files
----- ----- ---  -----
   52    23  34  RTOS.c
  773     0   0  C:\Program Files (x86)\PICC\Devices\16F887.h
  233    44  66  flex_lcdk1.c
----- -----
 1058    67 Total

Page ROM  %  RAM    Vol Diff  Functions:
---- --- --- ---    --- ----  ----------
0     21   1    1             @delay_ms1
0      8   0    0    216  3.0  @const607
0     51   3    1    326  2.8  lcd_send_nibble
0     53   3    3    235  3.8  lcd_send_byte
0     57   4    2    380  4.7  lcd_init
 Inline         4    186  5.5  lcd_gotoxy
0     60   4    1    272  4.1  lcd_putc
0     90   6    0    160  2.1  ADC
 Inline         2             @ITOF
0      6   0    0             @const629
0     87   5    5             @PSTRINGCN7_621
 Inline        13             @MULFF
 Inline         5             @FTOSD
0     81   5   13             @DIV3232
0    345  21   13             @PRINTF_L32D_621FPFPF
0     24   1    1     78  2.3  led
0    427  26    1     83  2.3  led3
 Inline        16     83  2.3  @ADDFF
0      6   0    0             @const650
0    284  18    1    152  1.7  MAIN
0      5   0    0    130  1.6  @const654
 Inline         4             @PSTRINGC7_621
0     10   1    0    130  1.6  @const659
 Inline         0             @cinit1

Program metrics:
    Functions               13
    Statements              67
    Comments                175
    Volume (V)              4281
    Difficulty (D)          36.3
    Effort to implement (E) 155261
    Time to implement (T)   2 hours, 24 minutes
    Est Delivered Bugs (B)  1
    Cyclomatic Complexity   9
    Maintainability (MI)    86

 Segment     Used  Free
-----------  ----  ----
00000-00003     4  0  
00004-007FF  1615  429  
00800-00FFF     0  2048  
01000-017FF     0  2048  
01800-01FFF     0  2048  



