
ROM used:   1452/8192 (18%)
            1452/8192 (18%) including unused fragments

            1.3 Average locations per line
            9.7 Average locations per statement

RAM used:   40/368 (11%) at main() level
            64/368 (17%) worst case

Stack used: 2 worst case (2 in main + 0 for interrupts)
Stack size: 8

Lines Stmts  %   Files
----- ----- ---  -----
  119    81  54  incubator.c
  756     0   0  C:\Program Files (x86)\PICC\Devices\16f886.h
  233    68  46  flex_lcd.c
----- -----
 1108   149 Total

Page ROM  %  RAM    Vol Diff  Functions:
---- --- --- ---    --- ----  ----------
0     20   1    1             @delay_ms1
0     13   1    0             @GETCH_BIU_1
0    452  31   10   2434  7.4  MAIN
0      5   0    0             @const639
0     88   6    4             @PSTRINGC7_9600_62_63
0      9   1    0             @const645
0    118   8    9             @PRINTF_LD_9600_62_63
0     21   1    5             @MUL1616
0     29   2    2             @ITOF
0    117   8   13             @MULFF
 Inline         5             @FTOSD
0     79   5   13             @DIV3232
0    228  16   13             @PRINTF_L32D_9600_62_63FPFPF
0    204  14   14             @DIVFF
0     65   4   10             @FLT
 Inline         0             @cinit1

Program metrics:
    Functions               1
    Statements              149
    Comments                170
    Volume (V)              2477
    Difficulty (D)          6.7
    Effort to implement (E) 16613
    Time to implement (T)   15 minutes
    Est Delivered Bugs (B)  0
    Cyclomatic Complexity   13
    Maintainability (MI)    95

 Segment     Used  Free
-----------  ----  ----
00000-00003     4  0  
00004-007FF  1448  596  
00800-00FFF     0  2048  
01000-017FF     0  2048  
01800-01FFF     0  2048  



