
ROM used:   474/7936 (6%)
            474/7936 (6%) including unused fragments

            0.5 Average locations per line
            6.0 Average locations per statement

RAM used:   9/357 (3%) at main() level
            21/357 (6%) worst case

Stack used: 3 worst case (3 in main + 0 for interrupts)
Stack size: 7

Lines Stmts  %   Files
----- ----- ---  -----
   24    11  14  led.c
  674     0   0  C:\Program Files (x86)\PICC\Devices\16f877a.h
  233    68  86  flex_lcd.c
----- -----
  931    79 Total

Page ROM  %  RAM    Vol Diff  Functions:
---- --- --- ---    --- ----  ----------
0     20   4    1             @delay_ms1
0      8   2    0             @const597
0     58  12    1    328  2.7  lcd_send_nibble
0     49  10    1    362  2.3  lcd_read_nibble
 Inline         3    165  3.3  lcd_read_byte
0     73  15    3    319  4.1  lcd_send_byte
0     52  11    2    384  4.4  lcd_init
 Inline         4    186  5.5  lcd_gotoxy
0     53  11    1    275  3.9  lcd_putc
0     63  13    1    197  2.1  MAIN
0      6   1    0             @const629
0     88  19    4             @PSTRINGC7_620
 Inline         0             @cinit1

Program metrics:
    Functions               8
    Statements              79
    Comments                162
    Volume (V)              3508
    Difficulty (D)          27.3
    Effort to implement (E) 95900
    Time to implement (T)   1 hours, 29 minutes
    Est Delivered Bugs (B)  1
    Cyclomatic Complexity   8
    Maintainability (MI)    134

 Segment     Used  Free
-----------  ----  ----
00000-00003     4  0  
00004-007FF   470  1574  
00800-00FFF     0  2048  
01000-017FF     0  2048  
01800-01EFF     0  1792  



