
ROM used:   1820/8192 (22%)
            1820/8192 (22%) including unused fragments

            1.9 Average locations per line
            19.2 Average locations per statement

RAM used:   62/368 (17%) at main() level
            84/368 (23%) worst case

Stack used: 4 worst case (4 in main + 0 for interrupts)
Stack size: 8

Lines Stmts  %   Files
----- ----- ---  -----
   68    27  28  Battery.c
  674     0   0  C:\Program Files (x86)\PICC\Devices\16f877a.h
  233    68  72  flex_lcd.c
----- -----
  975    95 Total

Page ROM  %  RAM    Vol Diff  Functions:
---- --- --- ---    --- ----  ----------
0     20   1    1             @delay_ms1
0      8   0    0             @const597
0     58   3    1    328  2.7  lcd_send_nibble
0     49   3    1    362  2.3  lcd_read_nibble
 Inline         3    165  3.3  lcd_read_byte
0     73   4    3    319  4.1  lcd_send_byte
0     54   3    2    384  4.4  lcd_init
 Inline         4    186  5.5  lcd_gotoxy
0     52   3    1    275  3.9  lcd_putc
0    429  24   24    936  5.0  MAIN
0     29   2    2             @ITOF
0    117   6   13             @MULFF
0    202  11   14             @DIVFF
0    323  18   16             @ADDFF
0     12   1    0             @const653
 Inline         5             @FTOSD
0     79   4   13             @DIV3232
0    224  12   13             @PRINTF_L32D_620FPFPF
0     87   5    5             @PSTRINGCN7_620
 Inline         0             @cinit1

Program metrics:
    Functions               8
    Statements              95
    Comments                160
    Volume (V)              4523
    Difficulty (D)          29.9
    Effort to implement (E) 135040
    Time to implement (T)   2 hours, 5 minutes
    Est Delivered Bugs (B)  1
    Cyclomatic Complexity   8
    Maintainability (MI)    128

 Segment     Used  Free
-----------  ----  ----
00000-00003     4  0  
00004-007FF  1816  228  
00800-00FFF     0  2048  
01000-017FF     0  2048  
01800-01FFF     0  2048  



